Drill report for arpenvfol.kicad_pcb
Created on Tue Apr 19 20:07:37 2022

Copper Layer Stackup:
    =============================================================
    L1 :  F.Cu                      front
    L2 :  B.Cu                      back


Drill file 'arpenvfol.drl' contains
    plated through holes:
    =============================================================
    T1  0.700mm  0.0276"  (3 holes)
    T2  0.800mm  0.0315"  (120 holes)
    T3  1.000mm  0.0394"  (25 holes)  (with 25 slots)
    T4  1.016mm  0.0400"  (10 holes)
    T5  1.100mm  0.0433"  (4 holes)
    T6  1.200mm  0.0472"  (7 holes)

    Total plated holes count 169


Not plated through holes are merged with plated holes
    unplated through holes:
    =============================================================

    Total unplated holes count 0
